
R : Copyright 2006, The R Foundation for Statistical Computing
Version 2.3.0 (2006-04-24)
ISBN 3-900051-07-0

R is free software and comes with ABSOLUTELY NO WARRANTY.
You are welcome to redistribute it under certain conditions.
Type 'license()' or 'licence()' for distribution details.

R is a collaborative project with many contributors.
Type 'contributors()' for more information and
'citation()' on how to cite R or R packages in publications.

Type 'demo()' for some demos, 'help()' for on-line help, or
'help.start()' for an HTML browser interface to help.
Type 'q()' to quit R.

> ################################################################
> #
> #   Jacques Corbeil <jacques.corbeil@crchul.ulaval.ca>
> #    Frédéric Raymond <frederic.raymond@crchul.ulaval.ca>
> #   Sébastien Boisvert <Sébastien.Boisvert@UShebrooke.ca> (T1)
> #
> # author : Sébastien Boisvert
> # creation date 2006-%m-%d
> #
> # this file is part of the leishmania project
> #
> # all the source code is in a subversion repository
> #
> # ls3.genome.ulaval.ca:/svn/leishmania
> #
> ###############################################################
> 
> #
> #  researcher  : Jacques Corbeil <jacques.corbeil@crchul.ulaval.ca>
> #  Trainee Supervisor :  Frédéric Raymond <frederic.raymond.1@ulaval.ca>
> #  Trainee: Sébastien Boisvert <Sébastien.Boisvert@UShebrooke.ca> (T1)
> #
> #
> # Centre de recherche
> # Pavillon CHUL
> # Université Laval
> #
> #
> # Centre de recherche en endocrinologie moléculaire et oncologique (CREMO) -- Projet Leishmania
> #
> #
> # DATE 2006-07-11
> #
> #
> # HEADER REVISION 1
> #
> #
> 
> # projet Leishmania
> #
> #
> ######################
> #
> # This file has been written by Frédéric Raymond and Sébastien Boisvert
> #
> ####################
> #
> 
> library(limma)
> library(marray)
> library(convert)
Loading required package: Biobase
Loading required package: tools
> 
> source("plotDensities.with.main.R")
> source("l_parameters.R")
> source("search.R")
> source("leish_get_gpr_columns.R")
> source("control_analysis.R")
> source("the_main_function_which_call_the_others.R")
> 
> the_main_function_which_call_the_others ()
Read 082306B.gpr 
Read 083006B.gpr 
Read MM150606.gpr 
Read JM150606B.gpr 
Matching patterns for: Name 
Found 19200 Oligo 
Found 650 BLANK 
Found 2 Spike1 
Setting attributes: values Color 
